TN:
SF:./client/core/core.coffee
FNF:0
FNH:0
DA:2,1
DA:4,1
LF:2
LH:2
BRF:0
BRH:0
end_of_record
TN:
SF:./client/core/auth/auth.coffee
FN:2,(anonymous_1)
FN:15,(anonymous_2)
FN:25,(anonymous_3)
FN:39,(anonymous_4)
FN:42,(anonymous_5)
FN:45,(anonymous_6)
FN:48,(anonymous_7)
FN:54,(anonymous_8)
FN:55,(anonymous_9)
FN:61,(anonymous_10)
FN:62,(anonymous_11)
FN:69,(anonymous_12)
FN:72,(anonymous_13)
FN:73,(anonymous_14)
FN:85,(anonymous_15)
FN:90,(anonymous_16)
FN:94,(anonymous_17)
FN:95,(anonymous_18)
FN:100,(anonymous_19)
FN:101,(anonymous_20)
FN:112,(anonymous_21)
FN:115,(anonymous_22)
FN:118,(anonymous_23)
FN:123,(anonymous_24)
FN:124,(anonymous_25)
FN:124,(anonymous_26)
FN:127,(anonymous_27)
FN:133,(anonymous_28)
FN:139,(anonymous_29)
FN:142,(anonymous_30)
FN:148,(anonymous_31)
FN:150,(anonymous_32)
FN:153,(anonymous_33)
FN:159,(anonymous_34)
FN:165,(anonymous_35)
FN:166,(anonymous_36)
FN:175,(anonymous_37)
FNF:37
FNH:31
FNDA:66,(anonymous_1)
FNDA:30,(anonymous_2)
FNDA:30,(anonymous_3)
FNDA:62,(anonymous_4)
FNDA:10,(anonymous_5)
FNDA:30,(anonymous_6)
FNDA:9,(anonymous_7)
FNDA:9,(anonymous_8)
FNDA:8,(anonymous_9)
FNDA:9,(anonymous_10)
FNDA:1,(anonymous_11)
FNDA:2,(anonymous_12)
FNDA:2,(anonymous_13)
FNDA:2,(anonymous_14)
FNDA:44,(anonymous_15)
FNDA:6,(anonymous_16)
FNDA:4,(anonymous_17)
FNDA:3,(anonymous_18)
FNDA:4,(anonymous_19)
FNDA:1,(anonymous_20)
FNDA:0,(anonymous_21)
FNDA:0,(anonymous_22)
FNDA:0,(anonymous_23)
FNDA:0,(anonymous_24)
FNDA:0,(anonymous_25)
FNDA:0,(anonymous_26)
FNDA:66,(anonymous_27)
FNDA:6,(anonymous_28)
FNDA:1,(anonymous_29)
FNDA:3,(anonymous_30)
FNDA:66,(anonymous_31)
FNDA:68,(anonymous_32)
FNDA:9,(anonymous_33)
FNDA:66,(anonymous_34)
FNDA:2,(anonymous_35)
FNDA:4,(anonymous_36)
FNDA:2,(anonymous_37)
DA:2,1
DA:3,66
DA:4,66
DA:5,66
DA:8,66
DA:13,66
DA:14,66
DA:16,30
DA:17,10
DA:19,20
DA:20,10
DA:22,10
DA:26,30
DA:27,30
DA:28,27
DA:29,18
DA:31,9
DA:34,3
DA:36,30
DA:37,30
DA:40,62
DA:43,10
DA:46,30
DA:49,9
DA:50,9
DA:51,9
DA:55,9
DA:56,8
DA:57,8
DA:58,8
DA:59,8
DA:62,9
DA:63,1
DA:64,1
DA:67,9
DA:70,2
DA:71,2
DA:72,2
DA:73,2
DA:74,2
DA:75,2
DA:78,2
DA:79,1
DA:81,1
DA:83,2
DA:86,44
DA:87,44
DA:88,44
DA:91,6
DA:92,6
DA:93,6
DA:94,4
DA:95,4
DA:96,3
DA:97,3
DA:98,3
DA:101,4
DA:102,1
DA:103,1
DA:107,2
DA:108,2
DA:110,6
DA:113,0
DA:114,0
DA:115,0
DA:116,0
DA:117,0
DA:119,0
DA:121,0
DA:124,0
DA:128,66
DA:129,66
DA:130,66
DA:131,66
DA:132,66
DA:134,6
DA:135,3
DA:137,6
DA:140,1
DA:143,3
DA:144,1
DA:146,3
DA:149,66
DA:151,68
DA:154,9
DA:160,66
DA:161,66
DA:162,64
DA:164,2
DA:165,2
DA:166,2
DA:167,4
DA:168,4
DA:169,2
DA:170,2
DA:171,1
DA:173,2
DA:175,2
DA:176,2
DA:177,2
DA:179,2
DA:180,2
LF:102
LH:94
BRDA:16,1,0,10
BRDA:16,1,1,20
BRDA:19,2,0,10
BRDA:19,2,1,10
BRDA:27,3,0,27
BRDA:27,3,1,3
BRDA:28,4,0,18
BRDA:28,4,1,9
BRDA:29,5,0,18
BRDA:29,5,1,3
BRDA:40,6,0,62
BRDA:40,6,1,37
BRDA:46,7,0,30
BRDA:46,7,1,20
BRDA:46,7,2,10
BRDA:56,8,0,8
BRDA:56,8,1,8
BRDA:78,9,0,1
BRDA:78,9,1,1
BRDA:93,10,0,4
BRDA:93,10,1,2
BRDA:134,11,0,3
BRDA:134,11,1,3
BRDA:143,12,0,1
BRDA:143,12,1,2
BRDA:161,13,0,64
BRDA:161,13,1,2
BRDA:168,14,0,2
BRDA:168,14,1,2
BRDA:170,15,0,1
BRDA:170,15,1,1
BRF:31
BRH:31
end_of_record
TN:
SF:./client/core/auth/restrict.coffee
FN:2,(anonymous_1)
FN:8,(anonymous_2)
FN:14,(anonymous_3)
FN:20,(anonymous_4)
FN:22,(anonymous_5)
FN:25,(anonymous_6)
FN:52,(anonymous_7)
FN:56,(anonymous_8)
FN:61,(anonymous_9)
FNF:9
FNH:7
FNDA:66,(anonymous_1)
FNDA:3,(anonymous_2)
FNDA:3,(anonymous_3)
FNDA:66,(anonymous_4)
FNDA:66,(anonymous_5)
FNDA:12,(anonymous_6)
FNDA:66,(anonymous_7)
FNDA:0,(anonymous_8)
FNDA:0,(anonymous_9)
DA:2,1
DA:3,66
DA:4,66
DA:5,66
DA:6,66
DA:7,66
DA:9,3
DA:10,3
DA:12,3
DA:15,3
DA:16,3
DA:18,3
DA:21,66
DA:23,66
DA:26,12
DA:27,12
DA:30,12
DA:31,9
DA:32,9
DA:33,9
DA:34,0
DA:36,9
DA:39,0
DA:41,9
DA:42,4
DA:43,4
DA:44,4
DA:47,12
DA:53,66
DA:54,63
DA:56,3
DA:57,0
DA:58,0
DA:59,0
DA:60,0
DA:61,0
DA:62,0
DA:63,0
DA:64,0
DA:70,0
LF:40
LH:29
BRDA:9,1,0,3
BRDA:9,1,1,0
BRDA:15,2,0,3
BRDA:15,2,1,0
BRDA:23,3,0,66
BRDA:23,3,1,3
BRDA:30,4,0,9
BRDA:30,4,1,3
BRDA:30,5,0,9
BRDA:30,5,1,3
BRDA:32,6,0,9
BRDA:32,6,1,0
BRDA:33,7,0,0
BRDA:33,7,1,9
BRDA:41,8,0,4
BRDA:41,8,1,5
BRDA:42,9,0,4
BRDA:42,9,1,2
BRDA:43,10,0,4
BRDA:43,10,1,4
BRDA:44,11,0,4
BRDA:44,11,1,0
BRDA:53,12,0,63
BRDA:53,12,1,3
BRDA:60,13,0,0
BRDA:60,13,1,0
BRDA:63,14,0,0
BRDA:63,14,1,0
BRDA:66,15,0,0
BRDA:66,15,1,0
BRF:30
BRH:19
end_of_record
TN:
SF:./client/core/auth/token.coffee
FN:2,(anonymous_1)
FN:8,(anonymous_2)
FN:14,(anonymous_3)
FN:20,(anonymous_4)
FN:26,(anonymous_5)
FN:28,(anonymous_6)
FN:47,(anonymous_7)
FN:53,(anonymous_8)
FN:64,(anonymous_9)
FN:66,(anonymous_10)
FN:94,(anonymous_11)
FN:108,(anonymous_12)
FN:111,(anonymous_13)
FN:114,(anonymous_14)
FN:117,(anonymous_15)
FN:120,(anonymous_16)
FNF:16
FNH:16
FNDA:66,(anonymous_1)
FNDA:20,(anonymous_2)
FNDA:23,(anonymous_3)
FNDA:20,(anonymous_4)
FNDA:66,(anonymous_5)
FNDA:66,(anonymous_6)
FNDA:88,(anonymous_7)
FNDA:47,(anonymous_8)
FNDA:22,(anonymous_9)
FNDA:22,(anonymous_10)
FNDA:153,(anonymous_11)
FNDA:74,(anonymous_12)
FNDA:6,(anonymous_13)
FNDA:5,(anonymous_14)
FNDA:12,(anonymous_15)
FNDA:2,(anonymous_16)
DA:2,1
DA:3,66
DA:4,66
DA:5,66
DA:6,66
DA:7,66
DA:9,20
DA:10,18
DA:12,20
DA:15,23
DA:16,21
DA:18,23
DA:21,20
DA:22,18
DA:24,20
DA:27,66
DA:28,66
DA:29,66
DA:30,66
DA:31,66
DA:32,66
DA:33,60
DA:34,2
DA:36,58
DA:39,6
DA:40,2
DA:42,4
DA:43,2
DA:45,2
DA:47,66
DA:48,88
DA:49,63
DA:51,25
DA:53,66
DA:54,47
DA:55,47
DA:56,47
DA:57,47
DA:58,47
DA:59,141
DA:60,141
DA:62,47
DA:64,66
DA:65,22
DA:66,22
DA:67,22
DA:68,22
DA:69,22
DA:70,22
DA:71,4
DA:72,2
DA:74,2
DA:75,1
DA:77,1
DA:81,18
DA:82,16
DA:84,2
DA:88,22
DA:89,22
DA:91,0
DA:94,66
DA:95,153
DA:96,153
DA:97,153
DA:98,55
DA:100,98
DA:103,66
DA:104,66
DA:109,74
DA:112,6
DA:115,5
DA:118,12
DA:121,2
LF:73
LH:72
BRDA:9,1,0,18
BRDA:9,1,1,2
BRDA:9,2,0,20
BRDA:9,2,1,18
BRDA:15,3,0,21
BRDA:15,3,1,2
BRDA:15,4,0,23
BRDA:15,4,1,21
BRDA:21,5,0,18
BRDA:21,5,1,2
BRDA:32,6,0,60
BRDA:32,6,1,6
BRDA:32,7,0,66
BRDA:32,7,1,62
BRDA:33,8,0,2
BRDA:33,8,1,58
BRDA:39,9,0,2
BRDA:39,9,1,4
BRDA:42,10,0,2
BRDA:42,10,1,2
BRDA:48,11,0,63
BRDA:48,11,1,25
BRDA:51,12,0,24
BRDA:51,12,1,1
BRDA:65,13,0,22
BRDA:65,13,1,0
BRDA:65,14,0,22
BRDA:65,14,1,22
BRDA:70,15,0,4
BRDA:70,15,1,18
BRDA:71,16,0,2
BRDA:71,16,1,2
BRDA:74,17,0,1
BRDA:74,17,1,1
BRDA:81,18,0,16
BRDA:81,18,1,2
BRDA:97,19,0,55
BRDA:97,19,1,98
BRF:38
BRH:37
end_of_record
TN:
SF:./client/core/env/env.coffee
FN:2,(anonymous_1)
FN:8,(anonymous_2)
FN:12,(anonymous_3)
FN:16,(anonymous_4)
FN:20,(anonymous_5)
FN:22,(anonymous_6)
FN:25,(anonymous_7)
FN:32,(anonymous_8)
FNF:8
FNH:8
FNDA:66,(anonymous_1)
FNDA:1,(anonymous_2)
FNDA:14,(anonymous_3)
FNDA:1,(anonymous_4)
FNDA:66,(anonymous_5)
FNDA:2,(anonymous_6)
FNDA:2,(anonymous_7)
FNDA:68,(anonymous_8)
DA:2,1
DA:3,66
DA:4,66
DA:5,66
DA:6,66
DA:7,66
DA:9,1
DA:10,1
DA:13,14
DA:14,14
DA:17,1
DA:18,1
DA:21,66
DA:23,2
DA:26,2
DA:27,1
DA:29,1
DA:33,68
LF:18
LH:18
BRDA:26,1,0,1
BRDA:26,1,1,1
BRF:2
BRH:2
end_of_record
TN:
SF:./client/core/meta/meta.coffee
FN:2,(anonymous_1)
FN:8,(anonymous_2)
FN:14,(anonymous_3)
FN:20,(anonymous_4)
FN:26,(anonymous_5)
FN:33,(anonymous_6)
FN:40,(anonymous_7)
FN:47,(anonymous_8)
FN:54,(anonymous_9)
FN:55,(anonymous_10)
FN:55,(anonymous_11)
FN:58,(anonymous_12)
FN:79,(anonymous_13)
FN:82,(anonymous_14)
FN:86,(anonymous_15)
FN:103,(anonymous_16)
FN:121,(anonymous_17)
FN:133,(anonymous_18)
FN:135,(anonymous_19)
FN:137,(anonymous_20)
FN:141,(anonymous_21)
FNF:21
FNH:19
FNDA:66,(anonymous_1)
FNDA:7,(anonymous_2)
FNDA:7,(anonymous_3)
FNDA:7,(anonymous_4)
FNDA:8,(anonymous_5)
FNDA:47,(anonymous_6)
FNDA:30,(anonymous_7)
FNDA:30,(anonymous_8)
FNDA:14,(anonymous_9)
FNDA:0,(anonymous_10)
FNDA:0,(anonymous_11)
FNDA:10,(anonymous_12)
FNDA:7,(anonymous_13)
FNDA:7,(anonymous_14)
FNDA:17,(anonymous_15)
FNDA:17,(anonymous_16)
FNDA:30,(anonymous_17)
FNDA:7,(anonymous_18)
FNDA:7,(anonymous_19)
FNDA:17,(anonymous_20)
FNDA:30,(anonymous_21)
DA:2,1
DA:3,66
DA:4,66
DA:5,66
DA:6,66
DA:7,66
DA:9,7
DA:10,5
DA:12,7
DA:15,7
DA:16,5
DA:18,7
DA:21,7
DA:22,5
DA:24,7
DA:27,8
DA:28,8
DA:29,8
DA:30,8
DA:31,8
DA:32,8
DA:34,47
DA:35,10
DA:36,10
DA:38,47
DA:41,30
DA:42,10
DA:43,10
DA:45,30
DA:48,30
DA:49,10
DA:50,10
DA:52,30
DA:55,14
DA:58,8
DA:59,10
DA:60,10
DA:61,1
DA:63,9
DA:65,10
DA:66,2
DA:68,8
DA:70,10
DA:71,2
DA:73,8
DA:76,8
DA:80,7
DA:83,7
DA:84,7
DA:85,7
DA:86,7
DA:87,17
DA:88,17
DA:89,17
DA:90,11
DA:91,6
DA:93,5
DA:94,5
DA:97,6
DA:98,1
DA:99,1
DA:103,7
DA:104,17
DA:105,17
DA:106,17
DA:107,11
DA:108,11
DA:109,6
DA:111,5
DA:112,5
DA:115,6
DA:116,1
DA:117,1
DA:121,7
DA:122,30
DA:124,10
DA:126,10
DA:129,7
DA:130,7
DA:134,7
DA:136,7
DA:137,7
DA:138,17
DA:139,17
DA:141,7
DA:142,30
DA:143,10
DA:146,7
LF:88
LH:88
BRDA:4,1,0,66
BRDA:4,1,1,33
BRDA:9,2,0,5
BRDA:9,2,1,2
BRDA:15,3,0,5
BRDA:15,3,1,2
BRDA:21,4,0,5
BRDA:21,4,1,2
BRDA:34,5,0,10
BRDA:34,5,1,37
BRDA:41,6,0,10
BRDA:41,6,1,20
BRDA:48,7,0,10
BRDA:48,7,1,20
BRDA:60,8,0,1
BRDA:60,8,1,9
BRDA:60,9,0,5
BRDA:60,9,1,5
BRDA:65,10,0,2
BRDA:65,10,1,8
BRDA:65,11,0,5
BRDA:65,11,1,5
BRDA:70,12,0,2
BRDA:70,12,1,8
BRDA:70,13,0,5
BRDA:70,13,1,5
BRDA:89,14,0,11
BRDA:89,14,1,6
BRDA:90,15,0,6
BRDA:90,15,1,5
BRDA:97,16,0,1
BRDA:97,16,1,5
BRDA:106,17,0,11
BRDA:106,17,1,6
BRDA:106,18,0,17
BRDA:106,18,1,17
BRDA:108,19,0,6
BRDA:108,19,1,5
BRDA:115,20,0,1
BRDA:115,20,1,5
BRDA:122,21,0,10
BRDA:122,21,1,10
BRDA:142,22,0,10
BRDA:142,22,1,20
BRF:44
BRH:44
end_of_record
TN:
SF:./client/core/model/class_year.coffee
FN:2,(anonymous_1)
FNF:1
FNH:0
FNDA:0,(anonymous_1)
DA:2,1
DA:3,0
LF:2
LH:1
BRF:0
BRH:0
end_of_record
TN:
SF:./client/core/model/document.coffee
FN:2,(anonymous_1)
FNF:1
FNH:0
FNDA:0,(anonymous_1)
DA:2,1
DA:3,0
LF:2
LH:1
BRF:0
BRH:0
end_of_record
TN:
SF:./client/core/model/document_file.coffee
FN:2,(anonymous_1)
FNF:1
FNH:0
FNDA:0,(anonymous_1)
DA:2,1
DA:3,0
LF:2
LH:1
BRF:0
BRH:0
end_of_record
TN:
SF:./client/core/model/news.coffee
FN:2,(anonymous_1)
FNF:1
FNH:0
FNDA:0,(anonymous_1)
DA:2,1
DA:3,0
LF:2
LH:1
BRF:0
BRH:0
end_of_record
TN:
SF:./client/core/model/semester.coffee
FN:2,(anonymous_1)
FNF:1
FNH:0
FNDA:0,(anonymous_1)
DA:2,1
DA:3,0
LF:2
LH:1
BRF:0
BRH:0
end_of_record
TN:
SF:./client/core/model/subject.coffee
FN:2,(anonymous_1)
FNF:1
FNH:0
FNDA:0,(anonymous_1)
DA:2,1
DA:3,0
LF:2
LH:1
BRF:0
BRH:0
end_of_record
TN:
SF:./client/core/model/user.coffee
FN:2,(anonymous_1)
FNF:1
FNH:0
FNDA:0,(anonymous_1)
DA:2,1
DA:3,0
LF:2
LH:1
BRF:0
BRH:0
end_of_record
TN:
SF:./client/core/notification/notification.coffee
FN:2,(anonymous_1)
FN:15,(anonymous_2)
FN:23,(anonymous_3)
FN:26,(anonymous_4)
FN:29,(anonymous_5)
FN:32,(anonymous_6)
FN:37,(anonymous_7)
FN:38,(anonymous_8)
FN:41,(anonymous_9)
FN:54,(anonymous_10)
FN:60,(anonymous_11)
FN:61,(anonymous_12)
FN:64,(anonymous_13)
FN:65,(anonymous_14)
FNF:14
FNH:14
FNDA:66,(anonymous_1)
FNDA:11,(anonymous_2)
FNDA:17,(anonymous_3)
FNDA:10,(anonymous_4)
FNDA:2,(anonymous_5)
FNDA:6,(anonymous_6)
FNDA:6,(anonymous_7)
FNDA:6,(anonymous_8)
FNDA:3,(anonymous_9)
FNDA:5,(anonymous_10)
FNDA:66,(anonymous_11)
FNDA:1,(anonymous_12)
FNDA:66,(anonymous_13)
FNDA:17,(anonymous_14)
DA:2,1
DA:3,66
DA:4,66
DA:5,66
DA:11,66
DA:12,66
DA:13,66
DA:14,66
DA:15,66
DA:16,11
DA:17,11
DA:18,4
DA:19,4
DA:22,66
DA:24,17
DA:27,10
DA:30,2
DA:33,6
DA:34,6
DA:35,6
DA:36,6
DA:37,6
DA:38,6
DA:39,6
DA:40,6
DA:41,4
DA:42,3
DA:47,6
DA:48,1
DA:50,5
DA:52,6
DA:55,5
DA:56,5
DA:57,5
DA:61,66
DA:62,1
DA:65,66
DA:66,17
DA:67,1
LF:39
LH:39
BRDA:17,1,0,4
BRDA:17,1,1,7
BRDA:35,2,0,3
BRDA:35,2,1,3
BRDA:40,3,0,4
BRDA:40,3,1,2
BRDA:47,4,0,1
BRDA:47,4,1,5
BRDA:66,5,0,1
BRDA:66,5,1,16
BRF:10
BRH:10
end_of_record
TN:
SF:./client/core/resource/resource.coffee
FN:2,(anonymous_1)
FN:2,ctor
FN:5,(anonymous_3)
FN:6,(anonymous_4)
FN:7,_Class
FN:35,(anonymous_6)
FN:44,(anonymous_7)
FN:45,(anonymous_8)
FN:50,(anonymous_9)
FN:54,(anonymous_10)
FN:82,(anonymous_11)
FN:96,(anonymous_12)
FN:103,(anonymous_13)
FN:104,(anonymous_14)
FN:105,_Class
FN:109,(anonymous_16)
FN:115,(anonymous_17)
FN:122,(anonymous_18)
FN:123,(anonymous_19)
FN:126,_Class
FN:127,(anonymous_21)
FN:164,(anonymous_22)
FN:165,(anonymous_23)
FN:166,_Class
FN:175,(anonymous_25)
FN:179,(anonymous_26)
FN:194,(anonymous_27)
FN:211,(anonymous_28)
FN:214,(anonymous_29)
FN:221,(anonymous_30)
FN:227,(anonymous_31)
FN:237,(anonymous_32)
FN:244,(anonymous_33)
FN:248,(anonymous_34)
FN:252,(anonymous_35)
FN:256,(anonymous_36)
FN:260,(anonymous_37)
FN:267,(anonymous_38)
FN:272,(anonymous_39)
FN:281,(anonymous_40)
FNF:40
FNH:40
FNDA:17,(anonymous_1)
FNDA:17,ctor
FNDA:17,(anonymous_3)
FNDA:17,(anonymous_4)
FNDA:18,_Class
FNDA:12,(anonymous_6)
FNDA:1,(anonymous_7)
FNDA:2,(anonymous_8)
FNDA:1,(anonymous_9)
FNDA:61,(anonymous_10)
FNDA:44,(anonymous_11)
FNDA:76,(anonymous_12)
FNDA:17,(anonymous_13)
FNDA:17,(anonymous_14)
FNDA:8,_Class
FNDA:9,(anonymous_16)
FNDA:9,(anonymous_17)
FNDA:17,(anonymous_18)
FNDA:17,(anonymous_19)
FNDA:6,_Class
FNDA:13,(anonymous_21)
FNDA:17,(anonymous_22)
FNDA:17,(anonymous_23)
FNDA:17,_Class
FNDA:1,(anonymous_25)
FNDA:15,(anonymous_26)
FNDA:3,(anonymous_27)
FNDA:4,(anonymous_28)
FNDA:10,(anonymous_29)
FNDA:2,(anonymous_30)
FNDA:2,(anonymous_31)
FNDA:10,(anonymous_32)
FNDA:1,(anonymous_33)
FNDA:3,(anonymous_34)
FNDA:1,(anonymous_35)
FNDA:1,(anonymous_36)
FNDA:5,(anonymous_37)
FNDA:1,(anonymous_38)
FNDA:3,(anonymous_39)
FNDA:29,(anonymous_40)
DA:2,17
DA:5,1
DA:6,17
DA:7,1
DA:8,18
DA:9,18
DA:10,18
DA:11,18
DA:12,18
DA:20,18
DA:21,18
DA:22,18
DA:23,18
DA:24,18
DA:25,18
DA:26,18
DA:27,18
DA:28,2
DA:30,18
DA:31,12
DA:35,17
DA:36,12
DA:37,12
DA:38,6
DA:40,12
DA:41,12
DA:44,17
DA:45,1
DA:46,2
DA:50,17
DA:51,1
DA:54,17
DA:55,61
DA:56,61
DA:57,18
DA:58,18
DA:59,2
DA:60,2
DA:61,6
DA:62,6
DA:64,2
DA:65,1
DA:68,18
DA:69,7
DA:70,7
DA:71,21
DA:72,21
DA:73,14
DA:76,7
DA:79,61
DA:82,17
DA:83,44
DA:84,44
DA:85,44
DA:86,110
DA:87,110
DA:88,63
DA:89,22
DA:93,22
DA:96,17
DA:97,76
DA:100,17
DA:104,17
DA:105,1
DA:106,8
DA:107,6
DA:109,2
DA:110,9
DA:115,17
DA:116,9
DA:119,17
DA:123,17
DA:124,17
DA:126,1
DA:127,6
DA:128,13
DA:129,13
DA:130,17
DA:131,17
DA:132,17
DA:133,17
DA:134,17
DA:135,0
DA:137,17
DA:138,17
DA:139,17
DA:140,4
DA:142,13
DA:143,10
DA:145,3
DA:147,13
DA:148,0
DA:150,0
DA:151,0
DA:153,13
DA:154,13
DA:158,6
DA:161,17
DA:165,17
DA:166,1
DA:167,17
DA:168,16
DA:170,1
DA:172,16
DA:175,17
DA:176,1
DA:179,17
DA:180,15
DA:181,15
DA:182,13
DA:184,15
DA:185,15
DA:186,15
DA:187,15
DA:188,10
DA:190,5
DA:194,17
DA:195,3
DA:196,3
DA:197,1
DA:199,2
DA:200,2
DA:201,1
DA:202,1
DA:204,1
DA:206,1
DA:207,1
DA:211,17
DA:212,4
DA:213,4
DA:214,4
DA:215,10
DA:217,4
DA:218,4
DA:221,17
DA:222,2
DA:223,2
DA:224,2
DA:227,17
DA:228,2
DA:229,2
DA:230,2
DA:231,2
DA:232,1
DA:234,1
DA:237,17
DA:238,10
DA:239,2
DA:241,10
DA:244,17
DA:245,1
DA:248,17
DA:249,3
DA:252,17
DA:253,1
DA:256,17
DA:257,1
DA:260,17
DA:261,5
DA:262,4
DA:263,4
DA:267,17
DA:268,1
DA:269,1
DA:272,17
DA:273,3
DA:274,2
DA:276,1
DA:277,1
DA:281,17
DA:282,29
DA:283,29
DA:284,13
DA:286,16
DA:288,29
DA:289,9
DA:291,29
DA:292,3
DA:294,29
DA:297,17
LF:180
LH:176
BRDA:2,1,0,0
BRDA:2,1,1,0
BRDA:20,2,0,16
BRDA:20,2,1,2
BRDA:27,3,0,2
BRDA:27,3,1,16
BRDA:30,4,0,12
BRDA:30,4,1,6
BRDA:37,5,0,6
BRDA:37,5,1,6
BRDA:56,6,0,18
BRDA:56,6,1,43
BRDA:58,7,0,2
BRDA:58,7,1,16
BRDA:64,8,0,1
BRDA:64,8,1,1
BRDA:68,9,0,7
BRDA:68,9,1,11
BRDA:68,10,0,13
BRDA:68,10,1,5
BRDA:72,11,0,14
BRDA:72,11,1,7
BRDA:87,12,0,63
BRDA:87,12,1,47
BRDA:88,13,0,22
BRDA:88,13,1,41
BRDA:106,14,0,6
BRDA:106,14,1,2
BRDA:132,15,0,17
BRDA:132,15,1,0
BRDA:134,16,0,0
BRDA:134,16,1,17
BRDA:139,17,0,4
BRDA:139,17,1,13
BRDA:142,18,0,10
BRDA:142,18,1,3
BRDA:142,19,0,13
BRDA:142,19,1,10
BRDA:147,20,0,0
BRDA:147,20,1,13
BRDA:150,21,0,0
BRDA:150,21,1,0
BRDA:153,22,0,13
BRDA:153,22,1,0
BRDA:167,23,0,16
BRDA:167,23,1,1
BRDA:181,24,0,13
BRDA:181,24,1,2
BRDA:187,25,0,10
BRDA:187,25,1,5
BRDA:196,26,0,1
BRDA:196,26,1,2
BRDA:200,27,0,1
BRDA:200,27,1,1
BRDA:201,28,0,1
BRDA:201,28,1,0
BRDA:229,29,0,2
BRDA:229,29,1,1
BRDA:231,30,0,1
BRDA:231,30,1,1
BRDA:238,31,0,2
BRDA:238,31,1,8
BRDA:261,32,0,4
BRDA:261,32,1,1
BRDA:273,33,0,2
BRDA:273,33,1,1
BRDA:283,34,0,13
BRDA:283,34,1,16
BRDA:283,35,0,16
BRDA:283,35,1,13
BRDA:288,36,0,9
BRDA:288,36,1,20
BRDA:291,37,0,3
BRDA:291,37,1,26
BRF:74
BRH:65
end_of_record
TN:
SF:./client/core/responsize/responsize.coffee
FN:2,(anonymous_1)
FN:5,(anonymous_2)
FN:8,(anonymous_3)
FN:14,(anonymous_4)
FN:18,(anonymous_5)
FN:28,(anonymous_6)
FN:32,(anonymous_7)
FN:39,(anonymous_8)
FN:46,(anonymous_9)
FN:55,(anonymous_10)
FNF:10
FNH:3
FNDA:0,(anonymous_1)
FNDA:0,(anonymous_2)
FNDA:0,(anonymous_3)
FNDA:0,(anonymous_4)
FNDA:0,(anonymous_5)
FNDA:0,(anonymous_6)
FNDA:0,(anonymous_7)
FNDA:66,(anonymous_8)
FNDA:66,(anonymous_9)
FNDA:66,(anonymous_10)
DA:2,1
DA:3,0
DA:6,0
DA:7,0
DA:8,0
DA:9,0
DA:10,0
DA:11,0
DA:12,0
DA:14,0
DA:15,0
DA:16,0
DA:17,0
DA:18,0
DA:19,0
DA:21,0
DA:22,0
DA:24,0
DA:27,0
DA:28,0
DA:29,0
DA:30,0
DA:32,0
DA:33,0
DA:36,0
DA:40,66
DA:41,66
DA:42,66
DA:43,66
DA:44,66
DA:45,66
DA:47,66
DA:56,66
LF:33
LH:9
BRDA:16,1,0,0
BRDA:16,1,1,0
BRDA:21,2,0,0
BRDA:21,2,1,0
BRDA:29,3,0,0
BRDA:29,3,1,0
BRF:6
BRH:0
end_of_record
TN:
SF:./client/core/util/util.coffee
FN:2,(anonymous_1)
FN:5,(anonymous_2)
FN:9,(anonymous_3)
FN:10,(anonymous_4)
FN:17,(anonymous_5)
FN:18,(anonymous_6)
FN:30,(anonymous_7)
FN:31,(anonymous_8)
FN:38,(anonymous_9)
FN:39,(anonymous_10)
FN:48,(anonymous_11)
FN:56,(anonymous_12)
FN:64,(anonymous_13)
FN:67,(anonymous_14)
FN:70,(anonymous_15)
FN:90,(anonymous_16)
FNF:16
FNH:0
FNDA:0,(anonymous_1)
FNDA:0,(anonymous_2)
FNDA:0,(anonymous_3)
FNDA:0,(anonymous_4)
FNDA:0,(anonymous_5)
FNDA:0,(anonymous_6)
FNDA:0,(anonymous_7)
FNDA:0,(anonymous_8)
FNDA:0,(anonymous_9)
FNDA:0,(anonymous_10)
FNDA:0,(anonymous_11)
FNDA:0,(anonymous_12)
FNDA:0,(anonymous_13)
FNDA:0,(anonymous_14)
FNDA:0,(anonymous_15)
FNDA:0,(anonymous_16)
DA:2,1
DA:3,0
DA:6,0
DA:10,0
DA:11,0
DA:12,0
DA:13,0
DA:15,0
DA:18,0
DA:19,0
DA:20,0
DA:21,0
DA:23,0
DA:24,0
DA:26,0
DA:27,0
DA:28,0
DA:31,0
DA:32,0
DA:39,0
DA:40,0
DA:41,0
DA:42,0
DA:43,0
DA:44,0
DA:46,0
DA:49,0
DA:50,0
DA:51,0
DA:52,0
DA:53,0
DA:55,0
DA:57,0
DA:58,0
DA:59,0
DA:60,0
DA:61,0
DA:62,0
DA:63,0
DA:65,0
DA:68,0
DA:69,0
DA:70,0
DA:71,0
DA:72,0
DA:73,0
DA:74,0
DA:76,0
DA:78,0
DA:80,0
DA:81,0
DA:82,0
DA:83,0
DA:84,0
DA:88,0
DA:90,0
DA:91,0
LF:57
LH:1
BRDA:12,1,0,0
BRDA:12,1,1,0
BRDA:12,2,0,0
BRDA:12,2,1,0
BRDA:20,3,0,0
BRDA:20,3,1,0
BRDA:20,4,0,0
BRDA:20,4,1,0
BRDA:23,5,0,0
BRDA:23,5,1,0
BRDA:43,6,0,0
BRDA:43,6,1,0
BRDA:52,7,0,0
BRDA:52,7,1,0
BRDA:63,8,0,0
BRDA:63,8,1,0
BRDA:63,8,2,0
BRDA:63,8,3,0
BRDA:63,8,4,0
BRDA:72,9,0,0
BRDA:72,9,1,0
BRDA:72,10,0,0
BRDA:72,10,1,0
BRDA:73,11,0,0
BRDA:73,11,1,0
BRDA:81,12,0,0
BRDA:81,12,1,0
BRDA:81,13,0,0
BRDA:81,13,1,0
BRDA:81,13,2,0
BRDA:82,14,0,0
BRDA:82,14,1,0
BRF:32
BRH:0
end_of_record
